Turbo Assembler	 Version 4.1	    15/10/18 21:11:54	    Page 1
D:\学习\微机原~1\新建文~1\微机实~1.30\chengfa2.ASM



      1	0000				     DATA  SEGMENT
      2	0000  01 01 01 01		    DATA1  DB	     1,1,1,1
      3	0004  01 02 05			    DATA2  DB	     1,2,5
      4	0007  07*(??)			    DATA3  DB	     7 DUP(?)
      5	000E  24				   JIESU     DB	 '$'
      6	000F  00			      CY1  DB	     0
      7	0010  00			      CY2  DB	     0
      8	0011				     DATA  ENDS
      9	0000				     CODE  SEGMENT
     10						   ASSUME    CS:CODE,DS:DATA
     11	0000  B8 0000s			   START:  MOV	     AX,DATA
     12	0003  8E D8				   MOV	     DS,AX
     13	0005  B1 04				   MOV	     CL,DATA2-DATA1
     14	0007  BB 0007r				   MOV	     BX,OFFSET DATA3
     15	000A  8B EB				   MOV	     BP,BX
     16	000C  BE 0000r				   MOV	     SI,OFFSET DATA1
     17	000F  BF 0004r			    REP1:  MOV	     DI,OFFSET DATA2
     18	0012  B5 03				   MOV	     CH,DATA3-DATA2
     19	0014  8A 04			    REP2:  MOV	     AL,[SI]
     20	0016  F6 25				   MUL	     BYTE PTR [DI]
     21						  ; AAM
     22	0018  02 07				   ADD	     AL,[BX]
     23						  ; AAA
     24	001A  88 07				   MOV	     [BX],AL
     25						  ; MOV	      AL,AH
     26	001C  12 26 000Fr			   ADC	     AH,CY1
     27						  ; AAA
     28	0020  73 04				   JNC	     NEXT1
     29	0022  FE 06 0010r			   INC	     CY2
     30	0026  02 67 01			   NEXT1:  ADD	     AH,[BX+1]
     31						   ;AAA
     32	0029  73 04				   JNC	     NEXT2
     33	002B  FE 06 0010r			   INC	     CY2
     34	002F  88 47 01			   NEXT2:  MOV	     [BX+1],AL
     35	0032  A0 0010r				   MOV	     AL,CY2
     36	0035  A2 000Fr				   MOV	     CY1,AL
     37	0038  C6 06 0010r 00			   MOV	     CY2,0
     38	003D  43				   INC	     BX
     39	003E  47				   INC	     DI
     40	003F  FE CD				   DEC	     CH
     41	0041  75 D1				   JNZ	     REP2
     42	0043  45				   INC	     BP
     43	0044  8B DD				   MOV	     BX,BP
     44	0046  46				   INC	     SI
     45	0047  C6 06 000Fr 00			   MOV	     CY1,0
     46	004C  FE C9				   DEC	     CL
     47	004E  75 BF				   JNZ	     REP1
     48	0050  BB 0007r				   MOV	     BX,OFFSET DATA3
     49	0053  B1 07				   MOV	     CL,7
     50
     51	0055  8A 07			   LOOP1:  MOV	     AL,[BX]
     52	0057  04 30				   ADD	     AL,30H
     53	0059  8A D0				   MOV	     DL,AL
     54	005B  B4 02				   MOV	     AH,02H
     55	005D  CD 21				   INT	     21H
     56	005F  43				   INC	     BX
     57	0060  FE C9				   DEC	     CL
Turbo Assembler	 Version 4.1	    15/10/18 21:11:54	    Page 2
D:\学习\微机原~1\新建文~1\微机实~1.30\chengfa2.ASM



     58	0062  75 F1				   JNZ	     LOOP1
     59	0064  B4 4C				   MOV	     AH,4CH
     60	0066  CD 21				   INT	     21H
     61	0068				     CODE  ENDS
     62						   END	     START
Turbo Assembler	 Version 4.1	    15/10/18 21:11:54	    Page 3
Symbol Table




Symbol Name		Type   Value			   Cref	(defined at #)

??DATE			Text   "15/10/18"
??FILENAME		Text   "chengfa2"
??TIME			Text   "21:11:54"
??VERSION		Number 040A
@CPU			Text   0101H
@CURSEG			Text   CODE			   #1  #9
@FILENAME		Text   CHENGFA2
@WORDSIZE		Text   2			   #1  #9
CY1			Byte   DATA:000F		   #6  26  36  45
CY2			Byte   DATA:0010		   #7  29  33  35  37
DATA1			Byte   DATA:0000		   #2  13  16
DATA2			Byte   DATA:0004		   #3  13  17  18
DATA3			Byte   DATA:0007		   #4  14  18  48
JIESU			Byte   DATA:000E		   #5
LOOP1			Near   CODE:0055		   #51	58
NEXT1			Near   CODE:0026		   28  #30
NEXT2			Near   CODE:002F		   32  #34
REP1			Near   CODE:000F		   #17	47
REP2			Near   CODE:0014		   #19	41
START			Near   CODE:0000		   #11	62

Groups & Segments	Bit Size Align	Combine	Class	   Cref	(defined at #)

CODE			16  0068 Para	none		   #9  10
DATA			16  0011 Para	none		   #1  10  11
