Turbo Assembler	 Version 4.1	    15/11/02 18:59:06	    Page 1
C:\Users\ADMINI~1\Desktop\สตั้4~1\bcdtoh.ASM



      1					     DISP  MACRO     NN
      2						   MOV	     AH,02H
      3						   MOV	     DL,NN
      4						   INT	     21H
      5						   ENDM
      6
      7	0000				     DATA  SEGMENT
      8	0000  1234				W  DW	     1234H
      9	0002  0000			      DA2  DW	     0000H
     10	0004  05*(00)			      BUF  DB	     5 DUP(0)
     11	0009				     DATA  ENDS
     12	0000				   STACK1  SEGMENT
     13	0000  20*(0000)				   DW	     32	DUP(0)
     14	0040				   STACK1  ENDS
     15	0000				     CODE  SEGMENT
     16						   ASSUME    CS:CODE,DS:DATA,SS:STACK1
     17	0000  B8 0000s			   START:  MOV	     AX,DATA
     18	0003  8E D8				   MOV	     DS,AX
     19	0005  B5 03				   MOV	     CH,3
     20	0007  B1 04				   MOV	     CL,4
     21	0009  8B 1E 0000r			   MOV	     BX,W
     22	000D  B8 0000				   MOV	     AX,0H
     23	0010  BA F000			   AGAIN:  MOV	     DX,0F000H
     24	0013  23 D3				   AND	     DX,BX
     25	0015  D3 C2				   ROL	     DX,CL
     26
     27
     28	0017  03 C2				   ADD	     AX,DX
     29	0019  BA 000A				   MOV	     DX,10
     30	001C  F7 E2				   MUL	     DX
     31
     32	001E  D3 E3				   SHL	     BX,CL
     33
     34	0020  FE CD				   DEC	     CH
     35	0022  75 EC				   JNZ	     AGAIN
     36	0024  D3 C3				   ROL	     BX,CL
     37	0026  03 C3				   ADD	     AX,BX
     38
     39
     40
     41	0028  B4 4C				   MOV	     AH,4CH
     42	002A  CD 21				   INT	     21H
     43
     44
     45
     46	002C				     CODE  ENDS
     47						   END	     START
Turbo Assembler	 Version 4.1	    15/11/02 18:59:06	    Page 2
Symbol Table




Symbol Name		Type   Value			   Cref	(defined at #)

??DATE			Text   "15/11/02"
??FILENAME		Text   "bcdtoh	"
??TIME			Text   "18:59:06"
??VERSION		Number 040A
@CPU			Text   0101H
@CURSEG			Text   CODE			   #7  #12  #15
@FILENAME		Text   BCDTOH
@WORDSIZE		Text   2			   #7  #12  #15
AGAIN			Near   CODE:0010		   #23	35
BUF			Byte   DATA:0004		   #10
DA2			Word   DATA:0002		   #9
START			Near   CODE:0000		   #17	47
W			Word   DATA:0000		   #8  21

Macro Name						   Cref	(defined at #)

DISP							   #1

Groups & Segments	Bit Size Align	Combine	Class	   Cref	(defined at #)

CODE			16  002C Para	none		   #15	16
DATA			16  0009 Para	none		   #7  16  17
STACK1			16  0040 Para	none		   #12	16
