Turbo Assembler	 Version 4.1	    15/11/02 21:15:12	    Page 1
C:\Users\ADMINI~1\Desktop\实验4~1\h.ASM



      1	0000				     DATA  SEGMENT
      2	0000  9977				W  DW	     9977H
      3	0002  05*(00)			      BUF  DB	     5 DUP(0)
      4	0007				     DATA  ENDS
      5	0000				   STACK1  SEGMENT
      6	0000  20*(0000)				   DW	     32	DUP(0)
      7	0040				   STACK1  ENDS
      8	0000				     CODE  SEGMENT
      9						   ASSUME    CS:CODE,DS:DATA,SS:STACK1
     10	0000  B8 0000s			   START:  MOV	     AX,DATA
     11	0003  8E D8				   MOV	     DS,AX
     12
     13	0005  A1 0000r				   MOV	     AX,W
     14	0008  3D 270F				   CMP	     AX,9999	 ;AX>9999,CF置1
     15	000B  76 03				   JBE	     RUN	 ;JBE指令：小于或等于跳转
     16	000D  EB 14 90				   JMP	     EXIT
     17
     18	0010  BE 0002r			     RUN:  LEA	     SI,BUF
     19	0013  BB 000A				   MOV	     BX,10
     20	0016  B1 04				   MOV	     CL,4
     21	0018  B2 00			   RETRY:  MOV	     DL,0
     22	001A  F7 F3				   DIV	     BX
     23	001C  88 14				   MOV	     [SI],DL
     24	001E  46				   INC	     SI
     25	001F  FE C9				   DEC	     CL
     26	0021  75 F5				   JNZ	     RETRY
     27
     28	0023  B4 4C			    EXIT:  MOV	     AH,4CH
     29	0025  CD 21				   INT	     21H
     30
     31
     32
     33	0027				     CODE  ENDS
     34						   END	     START
Turbo Assembler	 Version 4.1	    15/11/02 21:15:12	    Page 2
Symbol Table




Symbol Name		Type   Value			   Cref	(defined at #)

??DATE			Text   "15/11/02"
??FILENAME		Text   "h	"
??TIME			Text   "21:15:12"
??VERSION		Number 040A
@CPU			Text   0101H
@CURSEG			Text   CODE			   #1  #5  #8
@FILENAME		Text   H
@WORDSIZE		Text   2			   #1  #5  #8
BUF			Byte   DATA:0002		   #3  18
EXIT			Near   CODE:0023		   16  #28
RETRY			Near   CODE:0018		   #21	26
RUN			Near   CODE:0010		   15  #18
START			Near   CODE:0000		   #10	34
W			Word   DATA:0000		   #2  13

Groups & Segments	Bit Size Align	Combine	Class	   Cref	(defined at #)

CODE			16  0027 Para	none		   #8  9
DATA			16  0007 Para	none		   #1  9  10
STACK1			16  0040 Para	none		   #5  9
