Turbo Assembler	 Version 4.1	    13/11/10 16:33:38	    Page 1
F:\快盘\微机原~1\例程\exp7\子程序\3.ASM



      1				     ;***********************************************************
      2				     ;***********************************************************
      3				     ;此程序演示用堆栈段进行参数传递
      4				     ;***********************************************************
      5				     ;***********************************************************
      6	0000				   STACKS  SEGMENT
      7	0000  14*(????)			      BUF  DW	     20	DUP(?)
      8	0028				   STACKS  ENDS
      9	0000				    DATAS  SEGMENT		 ;数据段
     10	0000  FD FF			    DATA1  DB	     0FDH,0FFH
     11	0002  0000			      SUM  DW	     0
     12	0004				    DATAS  ENDS
     13	0000				     CODE  SEGMENT
     14						   ASSUME    CS:CODE,DS:DATAS,SS:STACKS
     15
     16	0000  B8 0000s			   START:  MOV	     AX,DATAS
     17	0003  8E D8				   MOV	     DS,AX
     18	0005  B8 0000s				   MOV	     AX,STACKS
     19	0008  8E D0				   MOV	     SS,AX
     20	000A  BC 0028				   MOV	     SP,SIZE BUF
     21
     22	000D  BB 0000r				   LEA	     BX,DATA1
     23	0010  53				   PUSH	     BX
     24	0011  BB 0002r				   LEA	     BX,SUM
     25	0014  53				   PUSH	     BX
     26	0015  BB 0000				   MOV	     BX,0
     27
     28	0018  E8 0004				   CALL	     SUM1
     29	001B  B4 4C				   MOV	     AH,4CH
     30	001D  CD 21				   INT	     21H
     31
     32	001F				     SUM1  PROC	     NEAR
     33	001F  50				   PUSH	     AX
     34	0020  53				   PUSH	     BX
     35	0021  55				   PUSH	     BP
     36	0022  8B EC				   MOV	     BP,SP
     37	0024  8B 5E 08				   MOV	     BX,[BP+8]
     38	0027  8B 76 0A				   MOV	     SI,[BP+10]
     39	002A  B8 0000				   MOV	     AX,0
     40	002D  8A 04				   MOV	     AL,[SI]
     41	002F  46				   INC	     SI
     42	0030  02 04				   ADD	     AL,[SI]
     43	0032  80 D4 00				   ADC	     AH,0
     44	0035  89 07				   MOV	     [BX],AX
     45	0037  5D				   POP	     BP
     46	0038  5B				   POP	     BX
     47	0039  58				   POP	     AX
     48	003A  C3				   RET
     49	003B				     SUM1  ENDP
     50	003B				     CODE  ENDS
     51						   END	     START
Turbo Assembler	 Version 4.1	    13/11/10 16:33:38	    Page 2
Symbol Table




Symbol Name		Type   Value			   Cref	(defined at #)

??DATE			Text   "13/11/10"
??FILENAME		Text   "3	"
??TIME			Text   "16:33:38"
??VERSION		Number 040A
@CPU			Text   0101H
@CURSEG			Text   CODE			   #6  #9  #13
@FILENAME		Text   3
@WORDSIZE		Text   2			   #6  #9  #13
BUF			Word   STACKS:0000		   #7  20
DATA1			Byte   DATAS:0000		   #10	22
START			Near   CODE:0000		   #16	51
SUM			Word   DATAS:0002		   #11	24
SUM1			Near   CODE:001F		   28  #32

Groups & Segments	Bit Size Align	Combine	Class	   Cref	(defined at #)

CODE			16  003B Para	none		   #13	14
DATAS			16  0004 Para	none		   #9  14  16
STACKS			16  0028 Para	none		   #6  14  18
