Turbo Assembler	 Version 4.1	    15/10/26 19:54:26	    Page 1
C:\Users\ADMINI~1\Desktop\实验三~1\add31.ASM



      1	0000				    DATAS  SEGMENT
      2	0000  9A BC DE 8A		    DATA1  DB	     9AH,0BCH,0DEH,8AH
      3	0004  12 34 56 90		    DATA2  DB	     12H,34H,56H,90H
      4	0008  08*(??)			    DATA3  DB	     8 DUP(?)	 ;此处输入数据段代码
      5	0010				    DATAS  ENDS
      6
      7	0000				   STACKS  SEGMENT
      8					 ;此处输入堆栈段代码
      9	0000				   STACKS  ENDS
     10
     11	0000				    CODES  SEGMENT
     12						   ASSUME    CS:CODES,DS:DATAS,SS:STACKS
     13	0000				   START:
     14	0000  B8 0000s				   MOV	     AX,DATAS
     15	0003  8E D8				   MOV	     DS,AX
     16	0005  BE 0000r				   LEA	     SI,DATA1	 ;取两个数据的首地址
     17	0008  BF 0004r				   LEA	     DI,DATA2
     18	000B  BD 0008r				   LEA	     BP,DATA3
     19
     20	000E  B2 00				   MOV	     DL,0
     21	0010  B3 04				   MOV	     BL,DATA2-DATA1	     ;加数位数
     22	0012  8A CB				   MOV	     CL,BL
     23
     24	0014  8A 04			   LOOP1:  MOV	     AL,[SI]
     25	0016  12 05				   ADC	     AL,[DI]
     26	0018  88 46 00				   MOV	     [BP],AL
     27	001B  46				   INC	     SI
     28	001C  47				   INC	     DI
     29	001D  45				   INC	     BP
     30	001E  49				   DEC	     CX
     31	001F  75 F3				   JNZ	     LOOP1
     32
     33	0021  B0 00				   MOV	     AL,0
     34	0023  14 00				   ADC	     AL,0
     35	0025  88 46 00				   MOV	     [BP],AL
     36
     37	0028  B4 4C				   MOV	     AH,4CH
     38	002A  CD 21				   INT	     21H
     39	002C				    CODES  ENDS
     40						   END	     START
Turbo Assembler	 Version 4.1	    15/10/26 19:54:26	    Page 2
Symbol Table




Symbol Name		Type   Value			   Cref	(defined at #)

??DATE			Text   "15/10/26"
??FILENAME		Text   "add31	"
??TIME			Text   "19:54:26"
??VERSION		Number 040A
@CPU			Text   0101H
@CURSEG			Text   CODES			   #1  #7  #11
@FILENAME		Text   ADD31
@WORDSIZE		Text   2			   #1  #7  #11
DATA1			Byte   DATAS:0000		   #2  16  21
DATA2			Byte   DATAS:0004		   #3  17  21
DATA3			Byte   DATAS:0008		   #4  18
LOOP1			Near   CODES:0014		   #24	31
START			Near   CODES:0000		   #13	40

Groups & Segments	Bit Size Align	Combine	Class	   Cref	(defined at #)

CODES			16  002C Para	none		   #11	12
DATAS			16  0010 Para	none		   #1  12  14
STACKS			16  0000 Para	none		   #7  12
